device: cuda
it: 13
Reading Data Started...
(1000, 5000, 20) (1000, 5000, 1)
(400, 5000, 20)
Fold : 0
**********************************
Folder : 0 Epoch : 0
Curr learning_rate: 0.001000000
torch.Size([32, 5000, 275]) tensor([[[ 2.8882e-05,  2.0235e-09,  7.9893e-07,  ...,  0.0000e+00,
           0.0000e+00,  0.0000e+00],
         [ 3.7891e-05,  5.7465e-10,  7.1891e-07,  ...,  0.0000e+00,
           0.0000e+00,  0.0000e+00],
         [ 5.1115e-05,  2.5939e-10,  6.0316e-08,  ...,  0.0000e+00,
           0.0000e+00,  0.0000e+00],
         ...,
         [ 1.1303e-04,  0.0000e+00,  1.7083e-10,  ...,  0.0000e+00,
           0.0000e+00,  0.0000e+00],
         [ 9.6437e-05,  2.7518e-11,  3.5039e-10,  ...,  0.0000e+00,
           0.0000e+00,  0.0000e+00],
         [ 1.2150e-04,  3.2179e-11,  3.7945e-10,  ...,  0.0000e+00,
           0.0000e+00,  0.0000e+00]],

        [[ 4.0977e-06,  3.9473e-08,  1.8949e-04,  ...,  0.0000e+00,
           0.0000e+00,  0.0000e+00],
         [ 8.7772e-06,  4.0839e-08,  1.9546e-04,  ...,  0.0000e+00,
           0.0000e+00,  0.0000e+00],
         [ 8.5732e-06,  3.9675e-08,  1.9047e-04,  ...,  0.0000e+00,
           0.0000e+00,  0.0000e+00],
         ...,
         [ 9.8391e-06,  4.0288e-08,  1.9282e-04,  ...,  0.0000e+00,
           0.0000e+00,  0.0000e+00],
         [ 8.0502e-06,  4.1510e-08,  1.9927e-04,  ...,  0.0000e+00,
           0.0000e+00,  0.0000e+00],
         [ 8.7681e-06,  3.9762e-08,  1.9030e-04,  ...,  0.0000e+00,
           0.0000e+00,  0.0000e+00]],

        [[-1.3844e-05,  1.9044e-04,  4.7351e-08,  ...,  0.0000e+00,
           0.0000e+00,  0.0000e+00],
         [-6.5293e-07,  1.9376e-04,  4.3893e-07,  ...,  0.0000e+00,
           0.0000e+00,  0.0000e+00],
         [-1.3302e-05,  1.9222e-04,  3.5042e-08,  ...,  0.0000e+00,
           0.0000e+00,  0.0000e+00],
         ...,
         [-1.0880e-05,  1.9118e-04,  9.7259e-09,  ...,  0.0000e+00,
           0.0000e+00,  0.0000e+00],
         [-1.1192e-05,  1.8830e-04,  9.2831e-09,  ...,  0.0000e+00,
           0.0000e+00,  0.0000e+00],
         [-1.3081e-05,  1.8863e-04,  1.0308e-08,  ...,  0.0000e+00,
           0.0000e+00,  0.0000e+00]],

        ...,

        [[ 8.7939e-06,  1.1335e-06,  1.7343e-04,  ...,  0.0000e+00,
           0.0000e+00,  0.0000e+00],
         [ 1.1092e-05,  3.3155e-07,  1.7555e-04,  ...,  0.0000e+00,
           0.0000e+00,  0.0000e+00],
         [ 2.9670e-06,  2.2352e-07,  1.4758e-04,  ...,  0.0000e+00,
           0.0000e+00,  0.0000e+00],
         ...,
         [ 3.3250e-05,  4.7304e-10,  3.6295e-07,  ...,  0.0000e+00,
           0.0000e+00,  0.0000e+00],
         [ 3.8482e-05,  9.6818e-10,  4.0893e-07,  ...,  0.0000e+00,
           0.0000e+00,  0.0000e+00],
         [ 2.3964e-05,  3.9398e-10,  5.7917e-07,  ...,  0.0000e+00,
           0.0000e+00,  0.0000e+00]],

        [[-6.2286e-07,  1.5507e-07,  1.8446e-04,  ...,  0.0000e+00,
           0.0000e+00,  0.0000e+00],
         [ 1.2640e-05,  4.0155e-08,  2.0174e-04,  ...,  0.0000e+00,
           0.0000e+00,  0.0000e+00],
         [ 7.9737e-06,  4.0424e-08,  2.0310e-04,  ...,  0.0000e+00,
           0.0000e+00,  0.0000e+00],
         ...,
         [ 5.3375e-06,  3.6581e-08,  1.7114e-04,  ...,  0.0000e+00,
           0.0000e+00,  0.0000e+00],
         [ 1.2607e-05,  5.2196e-08,  2.0564e-04,  ...,  0.0000e+00,
           0.0000e+00,  0.0000e+00],
         [ 1.1291e-05,  5.9321e-08,  2.1212e-04,  ...,  0.0000e+00,
           0.0000e+00,  0.0000e+00]],

        [[ 3.3932e-05,  1.0508e-08,  2.9752e-06,  ...,  0.0000e+00,
           0.0000e+00,  0.0000e+00],
         [ 2.2704e-05,  1.1183e-09,  2.4524e-05,  ...,  0.0000e+00,
           0.0000e+00,  0.0000e+00],
         [ 9.5098e-06,  2.6992e-07,  1.7684e-04,  ...,  0.0000e+00,
           0.0000e+00,  0.0000e+00],
         ...,
         [ 3.2669e-05,  1.7570e-09,  5.4503e-07,  ...,  0.0000e+00,
           0.0000e+00,  0.0000e+00],
         [ 3.4363e-05,  4.9042e-10,  4.6501e-07,  ...,  0.0000e+00,
           0.0000e+00,  0.0000e+00],
         [ 4.7994e-05,  1.2181e-09,  5.2912e-07,  ...,  0.0000e+00,
           0.0000e+00,  0.0000e+00]]], device='cuda:0', grad_fn=<MulBackward0>)
Traceback (most recent call last):
  File "quantize.py", line 239, in <module>
    predictions = model(x)
  File "/work/i_kuroyanagi-1000128/virtualenvs/py36/lib/python3.6/site-packages/torch/nn/modules/module.py", line 550, in __call__
    result = self.forward(*input, **kwargs)
  File "/work2/i_kuroyanagi/kaggle/liverpool-ion-switching/wavenet2.py", line 104, in forward
    x = self.wave_block1(x)
  File "/work/i_kuroyanagi-1000128/virtualenvs/py36/lib/python3.6/site-packages/torch/nn/modules/module.py", line 550, in __call__
    result = self.forward(*input, **kwargs)
  File "/work2/i_kuroyanagi/kaggle/liverpool-ion-switching/wavenet2.py", line 76, in forward
    x = self.convs[0](x)
  File "/work/i_kuroyanagi-1000128/virtualenvs/py36/lib/python3.6/site-packages/torch/nn/modules/module.py", line 550, in __call__
    result = self.forward(*input, **kwargs)
  File "/work/i_kuroyanagi-1000128/virtualenvs/py36/lib/python3.6/site-packages/torch/nn/modules/conv.py", line 208, in forward
    self.padding, self.dilation, self.groups)
RuntimeError: Given groups=1, weight of size [16, 275, 1], expected input[32, 5000, 275] to have 275 channels, but got 5000 channels instead
