device: cuda
it: 13
Reading Data Started...
(1000, 5000, 20) (1000, 5000, 1)
(400, 5000, 20)
Fold : 0
**********************************
Folder : 0 Epoch : 0
Curr learning_rate: 0.001000000
torch.Size([32, 5000, 275]) tensor([[ 1.8110e-01,  2.7034e-02,  1.6898e-01,  ...,  0.0000e+00,
          0.0000e+00,  0.0000e+00],
        [ 5.4671e-01,  6.8481e-05,  2.9028e-04,  ...,  0.0000e+00,
          0.0000e+00,  0.0000e+00],
        [ 1.8501e-01,  1.9345e-02,  1.7027e-01,  ...,  0.0000e+00,
          0.0000e+00,  0.0000e+00],
        ...,
        [ 1.7953e-01,  1.6008e-02,  1.7448e-01,  ...,  0.0000e+00,
          0.0000e+00,  0.0000e+00],
        [ 1.8052e-01,  2.3520e-02,  1.5846e-01,  ...,  0.0000e+00,
          0.0000e+00,  0.0000e+00],
        [-7.2753e-02,  9.9975e-01,  2.5334e-04,  ...,  0.0000e+00,
          0.0000e+00,  0.0000e+00]], device='cuda:0', grad_fn=<SumBackward1>)
Traceback (most recent call last):
  File "quantize.py", line 239, in <module>
    predictions = model(x)
  File "/work/i_kuroyanagi-1000128/virtualenvs/py36/lib/python3.6/site-packages/torch/nn/modules/module.py", line 550, in __call__
    result = self.forward(*input, **kwargs)
  File "/work2/i_kuroyanagi/kaggle/liverpool-ion-switching/wavenet2.py", line 102, in forward
    x += attention
RuntimeError: The size of tensor a (5000) must match the size of tensor b (32) at non-singleton dimension 1
